2020-10-09 17:18:43,774 [INFO] Activator:178 - 


2020-10-09 17:18:43,778 [INFO] Activator:179 - !SESSION log4j initialized
2020-10-09 17:22:13,875 [INFO] ApplicationProperties:181 - Using Application install path: /home/joseph/st/stm32cubeide_1.4.0/plugins/com.st.stm32cube.common.mx_6.0.0.202007160824
2020-10-09 17:22:13,905 [INFO] DbMcusXml:70 - Set database path to: /home/joseph/st/stm32cubeide_1.4.0/plugins/com.st.stm32cube.common.mx_6.0.0.202007160824//db//mcu/
2020-10-09 17:22:13,910 [INFO] DbBoardsPdsc:56 - Set plugin database path to: /home/joseph/st/stm32cubeide_1.4.0/plugins/com.st.stm32cube.common.mx_6.0.0.202007160824//db//plugins/boardmanager/
2020-10-09 17:22:13,911 [INFO] DbMcus:258 - Set plugin images path to: /home/joseph/st/stm32cubeide_1.4.0/plugins/com.st.stm32cube.common.mx_6.0.0.202007160824//db//plugins/mcufinder/images/
2020-10-09 17:22:13,912 [INFO] DbBoards:264 - Set plugin images path to: /home/joseph/st/stm32cubeide_1.4.0/plugins/com.st.stm32cube.common.mx_6.0.0.202007160824//db//plugins/mcufinder/images/
2020-10-09 17:22:13,915 [INFO] DbExamples:326 - Set plugin images path to: /home/joseph/st/stm32cubeide_1.4.0/plugins/com.st.stm32cube.common.mx_6.0.0.202007160824//db//plugins/mcufinder/images/
2020-10-09 17:22:13,989 [INFO] DbMcusDocs:112 - Set database path to: /home/joseph/.stmcufinder/plugins/mcufinder//mcu/
2020-10-09 17:22:13,999 [INFO] DbMcusJson:63 - Set database path to: /home/joseph/.stmcufinder/plugins/mcufinder//mcu/
2020-10-09 17:22:14,002 [INFO] DbBoardsDocs:112 - Set database path to: /home/joseph/.stmcufinder/plugins/mcufinder//mcu/
2020-10-09 17:22:14,006 [INFO] DbBoardsJson:56 - Set database path to: /home/joseph/.stmcufinder/plugins/mcufinder//mcu/
2020-10-09 17:22:14,017 [INFO] CrossReferenceDbSqlite:196 - Set database path to: /home/joseph/.stmcufinder/plugins/mcufinder//mcu/cs/
2020-10-09 17:22:14,024 [INFO] DbExamplesSqlite:800 - Set database path to: /home/joseph/.stmcufinder/plugins/mcufinder//mcu/
2020-10-09 17:22:14,245 [INFO] RulesReader:52 - Compatibility file has been processed (209 Rules)
2020-10-09 17:22:14,430 [INFO] MicroXplorer:564 - Detected Java Version = 1.8.0_252
2020-10-09 17:22:14,431 [INFO] DbMcusXml:70 - Set database path to: /home/joseph/st/stm32cubeide_1.4.0/plugins/com.st.stm32cube.common.mx_6.0.0.202007160824//db//mcu/
2020-10-09 17:22:14,431 [INFO] DbBoardsPdsc:56 - Set plugin database path to: /home/joseph/st/stm32cubeide_1.4.0/plugins/com.st.stm32cube.common.mx_6.0.0.202007160824//db//plugins/boardmanager/
2020-10-09 17:22:14,432 [INFO] DbMcus:258 - Set plugin images path to: /home/joseph/st/stm32cubeide_1.4.0/plugins/com.st.stm32cube.common.mx_6.0.0.202007160824//db//plugins/mcufinder/images/
2020-10-09 17:22:14,432 [INFO] DbBoards:264 - Set plugin images path to: /home/joseph/st/stm32cubeide_1.4.0/plugins/com.st.stm32cube.common.mx_6.0.0.202007160824//db//plugins/mcufinder/images/
2020-10-09 17:22:14,432 [INFO] DbExamples:326 - Set plugin images path to: /home/joseph/st/stm32cubeide_1.4.0/plugins/com.st.stm32cube.common.mx_6.0.0.202007160824//db//plugins/mcufinder/images/
2020-10-09 17:22:14,433 [WARN] DbFile:36 - Overriding database path with different value: /home/joseph/.stmcufinder/plugins/mcufinder/ => /home/joseph/.stmcufinder/plugins/mcufinder
2020-10-09 17:22:14,433 [INFO] DbMcusDocs:112 - Set database path to: /home/joseph/.stmcufinder/plugins/mcufinder//mcu/
2020-10-09 17:22:14,433 [WARN] DbFile:36 - Overriding database path with different value: /home/joseph/.stmcufinder/plugins/mcufinder/ => /home/joseph/.stmcufinder/plugins/mcufinder
2020-10-09 17:22:14,433 [INFO] DbMcusJson:63 - Set database path to: /home/joseph/.stmcufinder/plugins/mcufinder//mcu/
2020-10-09 17:22:14,433 [WARN] DbFile:36 - Overriding database path with different value: /home/joseph/.stmcufinder/plugins/mcufinder/ => /home/joseph/.stmcufinder/plugins/mcufinder
2020-10-09 17:22:14,433 [INFO] DbBoardsDocs:112 - Set database path to: /home/joseph/.stmcufinder/plugins/mcufinder//mcu/
2020-10-09 17:22:14,433 [WARN] DbFile:36 - Overriding database path with different value: /home/joseph/.stmcufinder/plugins/mcufinder/ => /home/joseph/.stmcufinder/plugins/mcufinder
2020-10-09 17:22:14,434 [INFO] DbBoardsJson:56 - Set database path to: /home/joseph/.stmcufinder/plugins/mcufinder//mcu/
2020-10-09 17:22:14,434 [WARN] DbFile:36 - Overriding database path with different value: /home/joseph/.stmcufinder/plugins/mcufinder/ => /home/joseph/.stmcufinder/plugins/mcufinder
2020-10-09 17:22:14,434 [WARN] DbFile:36 - Overriding database path with different value: /home/joseph/.stmcufinder/plugins/mcufinder/ => /home/joseph/.stmcufinder/plugins/mcufinder
2020-10-09 17:22:14,434 [INFO] CrossReferenceDbSqlite:196 - Set database path to: /home/joseph/.stmcufinder/plugins/mcufinder//mcu/cs/
2020-10-09 17:22:14,434 [WARN] DbFile:36 - Overriding database path with different value: /home/joseph/.stmcufinder/plugins/mcufinder/ => /home/joseph/.stmcufinder/plugins/mcufinder
2020-10-09 17:22:14,434 [INFO] DbExamplesSqlite:800 - Set database path to: /home/joseph/.stmcufinder/plugins/mcufinder//mcu/
2020-10-09 17:22:14,640 [INFO] MainPanel:189 - HeapMemory: 686817280
2020-10-09 17:22:14,857 [INFO] DbMcusXml:70 - Set database path to: /home/joseph/st/stm32cubeide_1.4.0/plugins/com.st.stm32cube.common.mx_6.0.0.202007160824//db//mcu/
2020-10-09 17:22:14,858 [INFO] DbBoardsPdsc:56 - Set plugin database path to: /home/joseph/st/stm32cubeide_1.4.0/plugins/com.st.stm32cube.common.mx_6.0.0.202007160824//db//plugins/boardmanager/
2020-10-09 17:22:14,858 [INFO] DbMcus:258 - Set plugin images path to: /home/joseph/st/stm32cubeide_1.4.0/plugins/com.st.stm32cube.common.mx_6.0.0.202007160824//db//plugins/mcufinder/images/
2020-10-09 17:22:14,858 [INFO] DbBoards:264 - Set plugin images path to: /home/joseph/st/stm32cubeide_1.4.0/plugins/com.st.stm32cube.common.mx_6.0.0.202007160824//db//plugins/mcufinder/images/
2020-10-09 17:22:14,858 [INFO] DbExamples:326 - Set plugin images path to: /home/joseph/st/stm32cubeide_1.4.0/plugins/com.st.stm32cube.common.mx_6.0.0.202007160824//db//plugins/mcufinder/images/
2020-10-09 17:22:14,882 [WARN] DbFile:36 - Overriding database path with different value: /home/joseph/.stmcufinder/plugins/mcufinder/ => /home/joseph/.stmcufinder/plugins/mcufinder
2020-10-09 17:22:14,882 [INFO] DbMcusDocs:112 - Set database path to: /home/joseph/.stmcufinder/plugins/mcufinder//mcu/
2020-10-09 17:22:14,883 [WARN] DbFile:36 - Overriding database path with different value: /home/joseph/.stmcufinder/plugins/mcufinder/ => /home/joseph/.stmcufinder/plugins/mcufinder
2020-10-09 17:22:14,883 [INFO] DbMcusJson:63 - Set database path to: /home/joseph/.stmcufinder/plugins/mcufinder//mcu/
2020-10-09 17:22:14,883 [WARN] DbFile:36 - Overriding database path with different value: /home/joseph/.stmcufinder/plugins/mcufinder/ => /home/joseph/.stmcufinder/plugins/mcufinder
2020-10-09 17:22:14,883 [INFO] DbBoardsDocs:112 - Set database path to: /home/joseph/.stmcufinder/plugins/mcufinder//mcu/
2020-10-09 17:22:14,883 [WARN] DbFile:36 - Overriding database path with different value: /home/joseph/.stmcufinder/plugins/mcufinder/ => /home/joseph/.stmcufinder/plugins/mcufinder
2020-10-09 17:22:14,883 [INFO] DbBoardsJson:56 - Set database path to: /home/joseph/.stmcufinder/plugins/mcufinder//mcu/
2020-10-09 17:22:14,883 [WARN] DbFile:36 - Overriding database path with different value: /home/joseph/.stmcufinder/plugins/mcufinder/ => /home/joseph/.stmcufinder/plugins/mcufinder
2020-10-09 17:22:14,884 [WARN] DbFile:36 - Overriding database path with different value: /home/joseph/.stmcufinder/plugins/mcufinder/ => /home/joseph/.stmcufinder/plugins/mcufinder
2020-10-09 17:22:14,884 [INFO] CrossReferenceDbSqlite:196 - Set database path to: /home/joseph/.stmcufinder/plugins/mcufinder//mcu/cs/
2020-10-09 17:22:14,884 [WARN] DbFile:36 - Overriding database path with different value: /home/joseph/.stmcufinder/plugins/mcufinder/ => /home/joseph/.stmcufinder/plugins/mcufinder
2020-10-09 17:22:14,884 [INFO] DbExamplesSqlite:800 - Set database path to: /home/joseph/.stmcufinder/plugins/mcufinder//mcu/
2020-10-09 17:22:14,954 [INFO] ApplicationProperties:181 - Using Application install path: /home/joseph/st/stm32cubeide_1.4.0/plugins/com.st.stm32cube.common.mx_6.0.0.202007160824
2020-10-09 17:22:14,959 [INFO] PluginManage:178 - Search for loadable plugins [exclusion list=, ]
2020-10-09 17:22:15,002 [INFO] PluginManage:292 - Check plugin analytics
2020-10-09 17:22:15,187 [INFO] AnalyticsPlugin:203 - Accepted Software Licenses: STM32CubeMX.5.4.0,STM32CubeMX.6.0.1
2020-10-09 17:22:15,187 [INFO] AnalyticsPlugin:205 - Accepted CMSIS Pack Licenses: 
2020-10-09 17:22:15,188 [INFO] AnalyticsPlugin:207 - Accepted Firmware Licenses: 
2020-10-09 17:22:15,188 [INFO] PluginManage:342 - Loaded plugin analytics (category:tool,tabindex:-1)
2020-10-09 17:22:15,188 [INFO] PluginManage:292 - Check plugin clock
2020-10-09 17:22:15,251 [INFO] PluginManage:342 - Loaded plugin clock (category:base,tabindex:2)
2020-10-09 17:22:15,251 [INFO] PluginManage:292 - Check plugin ddr
2020-10-09 17:22:15,267 [INFO] PluginManage:342 - Loaded plugin ddr (category:tool,tabindex:6)
2020-10-09 17:22:15,267 [INFO] PluginManage:292 - Check plugin filemanager
2020-10-09 17:22:15,555 [INFO] PluginManage:342 - Loaded plugin filemanager (category:base,tabindex:10)
2020-10-09 17:22:15,556 [INFO] PluginManage:292 - Check plugin ipmanager
2020-10-09 17:22:15,567 [INFO] PluginManage:342 - Loaded plugin ipmanager (category:base,tabindex:5)
2020-10-09 17:22:15,567 [INFO] PluginManage:292 - Check plugin pinoutandconfiguration
2020-10-09 17:22:15,590 [INFO] PluginManage:342 - Loaded plugin pinoutandconfiguration (category:base,tabindex:1)
2020-10-09 17:22:15,590 [INFO] PluginManage:292 - Check plugin pinoutconfig
2020-10-09 17:22:15,646 [INFO] PluginManage:342 - Loaded plugin pinoutconfig (category:base,tabindex:0)
2020-10-09 17:22:15,646 [INFO] PluginManage:292 - Check plugin power
2020-10-09 17:22:15,764 [INFO] PluginManage:342 - Loaded plugin power (category:power,tabindex:4)
2020-10-09 17:22:15,764 [INFO] PluginManage:292 - Check plugin projectmanager
2020-10-09 17:22:15,782 [INFO] PluginManage:342 - Loaded plugin projectmanager (category:projectmanager,tabindex:3)
2020-10-09 17:22:15,783 [INFO] PluginManage:292 - Check plugin thirdparty
2020-10-09 17:22:15,977 [INFO] ThirdPartyDb:333 - Open Third Party DataBase File (/home/joseph/.stm32cubemx/plugins/thirdparty/db/thirdparties_db.xml) : 61 ms. number of Sw pack : 22
2020-10-09 17:22:15,982 [INFO] PluginManage:342 - Loaded plugin thirdparty (category:base,tabindex:-1)
2020-10-09 17:22:15,982 [INFO] PluginManage:292 - Check plugin tools
2020-10-09 17:22:16,004 [INFO] PluginManage:342 - Loaded plugin tools (category:base,tabindex:7)
2020-10-09 17:22:16,005 [INFO] PluginManage:292 - Check plugin tutovideos
2020-10-09 17:22:16,307 [INFO] PluginManage:342 - Loaded plugin tutovideos (category:base,tabindex:-1)
2020-10-09 17:22:16,308 [INFO] PluginManage:292 - Check plugin updater
2020-10-09 17:22:16,339 [INFO] PluginManage:342 - Loaded plugin updater (category:base,tabindex:12)
2020-10-09 17:22:16,340 [INFO] PluginManage:265 - PluginManage : Loaded plugins [13]
2020-10-09 17:22:16,750 [INFO] PinOutPanel:1418 - setPackage(No Configuration,No Configuration)
2020-10-09 17:22:16,926 [INFO] IPUIPlugin:64 - create IPUIPlugin
2020-10-09 17:22:16,927 [INFO] PluginManager:200 - loadIPPluginJar : add genericplugin
2020-10-09 17:22:16,931 [INFO] IPUIPlugin:64 - create IPUIPlugin
2020-10-09 17:22:16,932 [INFO] PluginManager:200 - loadIPPluginJar : add quadspi
2020-10-09 17:22:16,956 [INFO] IPUIPlugin:64 - create IPUIPlugin
2020-10-09 17:22:16,957 [INFO] PluginManager:200 - loadIPPluginJar : add i2s
2020-10-09 17:22:16,964 [INFO] IPUIPlugin:64 - create IPUIPlugin
2020-10-09 17:22:16,967 [INFO] PluginManager:200 - loadIPPluginJar : add plateformsettings
2020-10-09 17:22:16,982 [INFO] IPUIPlugin:64 - create IPUIPlugin
2020-10-09 17:22:16,982 [INFO] PluginManager:200 - loadIPPluginJar : add gfxmmu
2020-10-09 17:22:16,985 [INFO] IPUIPlugin:64 - create IPUIPlugin
2020-10-09 17:22:16,985 [INFO] PluginManager:200 - loadIPPluginJar : add usart
2020-10-09 17:22:16,987 [INFO] IPUIPlugin:64 - create IPUIPlugin
2020-10-09 17:22:16,987 [INFO] PluginManager:200 - loadIPPluginJar : add hash
2020-10-09 17:22:16,999 [INFO] IPUIPlugin:64 - create IPUIPlugin
2020-10-09 17:22:16,999 [INFO] PluginManager:200 - loadIPPluginJar : add freertos
2020-10-09 17:22:17,003 [INFO] IPUIPlugin:64 - create IPUIPlugin
2020-10-09 17:22:17,004 [INFO] PluginManager:200 - loadIPPluginJar : add mdma
2020-10-09 17:22:17,005 [INFO] IPUIPlugin:64 - create IPUIPlugin
2020-10-09 17:22:17,005 [INFO] PluginManager:200 - loadIPPluginJar : add ltdc
2020-10-09 17:22:17,006 [INFO] IPUIPlugin:64 - create IPUIPlugin
2020-10-09 17:22:17,006 [INFO] PluginManager:200 - loadIPPluginJar : add comp
2020-10-09 17:22:17,009 [INFO] IPUIPlugin:64 - create IPUIPlugin
2020-10-09 17:22:17,009 [INFO] PluginManager:200 - loadIPPluginJar : add i2c
2020-10-09 17:22:17,012 [INFO] IPUIPlugin:64 - create IPUIPlugin
2020-10-09 17:22:17,013 [INFO] PluginManager:200 - loadIPPluginJar : add openamp
2020-10-09 17:22:17,017 [INFO] IPUIPlugin:64 - create IPUIPlugin
2020-10-09 17:22:17,018 [INFO] PluginManager:200 - loadIPPluginJar : add tsc
2020-10-09 17:22:17,026 [INFO] IPUIPlugin:64 - create IPUIPlugin
2020-10-09 17:22:17,027 [INFO] PluginManager:200 - loadIPPluginJar : add gic
2020-10-09 17:22:17,029 [INFO] IPUIPlugin:64 - create IPUIPlugin
2020-10-09 17:22:17,029 [INFO] PluginManager:200 - loadIPPluginJar : add cryp
2020-10-09 17:22:17,031 [INFO] IPUIPlugin:64 - create IPUIPlugin
2020-10-09 17:22:17,031 [INFO] PluginManager:200 - loadIPPluginJar : add tracer_emb
2020-10-09 17:22:17,034 [INFO] IPUIPlugin:64 - create IPUIPlugin
2020-10-09 17:22:17,034 [INFO] PluginManager:200 - loadIPPluginJar : add nvic
2020-10-09 17:22:17,037 [INFO] IPUIPlugin:64 - create IPUIPlugin
2020-10-09 17:22:17,038 [INFO] PluginManager:200 - loadIPPluginJar : add sai
2020-10-09 17:22:17,041 [INFO] IPUIPlugin:64 - create IPUIPlugin
2020-10-09 17:22:17,041 [INFO] PluginManager:200 - loadIPPluginJar : add touchsensing
2020-10-09 17:22:17,042 [INFO] IPUIPlugin:64 - create IPUIPlugin
2020-10-09 17:22:17,042 [INFO] PluginManager:200 - loadIPPluginJar : add ucpd
2020-10-09 17:22:17,048 [INFO] IPUIPlugin:64 - create IPUIPlugin
2020-10-09 17:22:17,049 [INFO] PluginManager:200 - loadIPPluginJar : add dma
2020-10-09 17:22:17,051 [INFO] IPUIPlugin:64 - create IPUIPlugin
2020-10-09 17:22:17,051 [INFO] PluginManager:200 - loadIPPluginJar : add gtzc
2020-10-09 17:22:17,055 [INFO] IPUIPlugin:64 - create IPUIPlugin
2020-10-09 17:22:17,055 [INFO] PluginManager:200 - loadIPPluginJar : add resmgrutility
2020-10-09 17:22:17,057 [INFO] IPUIPlugin:64 - create IPUIPlugin
2020-10-09 17:22:17,057 [INFO] PluginManager:200 - loadIPPluginJar : add dfsdm
2020-10-09 17:22:17,068 [INFO] IPUIPlugin:64 - create IPUIPlugin
2020-10-09 17:22:17,069 [INFO] PluginManager:200 - loadIPPluginJar : add ipddr
2020-10-09 17:22:17,071 [INFO] IPUIPlugin:64 - create IPUIPlugin
2020-10-09 17:22:17,071 [INFO] PluginManager:200 - loadIPPluginJar : add pdm2pcm
2020-10-09 17:22:17,075 [INFO] IPUIPlugin:64 - create IPUIPlugin
2020-10-09 17:22:17,075 [INFO] PluginManager:200 - loadIPPluginJar : add gpio
2020-10-09 17:22:17,076 [INFO] IPUIPlugin:64 - create IPUIPlugin
2020-10-09 17:22:17,076 [INFO] PluginManager:200 - loadIPPluginJar : add fatfs
2020-10-09 17:22:17,080 [INFO] IPUIPlugin:64 - create IPUIPlugin
2020-10-09 17:22:17,080 [INFO] PluginManager:200 - loadIPPluginJar : add can
2020-10-09 17:22:17,081 [INFO] IPUIPlugin:64 - create IPUIPlugin
2020-10-09 17:22:17,082 [INFO] PluginManager:200 - loadIPPluginJar : add tim
2020-10-09 17:22:17,087 [INFO] IPUIPlugin:64 - create IPUIPlugin
2020-10-09 17:22:17,088 [INFO] PluginManager:200 - loadIPPluginJar : add adc
2020-10-09 17:22:17,090 [INFO] IPUIPlugin:64 - create IPUIPlugin
2020-10-09 17:22:17,090 [INFO] PluginManager:200 - loadIPPluginJar : add aes
2020-10-09 17:22:17,094 [INFO] IPUIPlugin:64 - create IPUIPlugin
2020-10-09 17:22:17,094 [INFO] PluginManager:200 - loadIPPluginJar : add fmc
2020-10-09 17:22:17,097 [INFO] IPUIPlugin:64 - create IPUIPlugin
2020-10-09 17:22:17,097 [INFO] PluginManager:200 - loadIPPluginJar : add opamp
2020-10-09 17:22:17,100 [INFO] IPUIPlugin:64 - create IPUIPlugin
2020-10-09 17:22:17,101 [INFO] PluginManager:200 - loadIPPluginJar : add stm32_wpan
2020-10-09 17:22:17,109 [INFO] IPUIPlugin:64 - create IPUIPlugin
2020-10-09 17:22:17,109 [INFO] PluginManager:200 - loadIPPluginJar : add ts
2020-10-09 17:22:17,112 [INFO] IPUIPlugin:64 - create IPUIPlugin
2020-10-09 17:22:17,112 [INFO] PluginManager:200 - loadIPPluginJar : add spi
2020-10-09 17:22:17,574 [INFO] CubeProgrammer:457 - [DDR PANEL] - PathOfProgrammer: null
2020-10-09 17:22:18,499 [FATAL] Updater:282 - Updater called before beeing initialized
2020-10-09 17:22:18,739 [FATAL] Updater:282 - Updater called before beeing initialized
2020-10-09 17:22:18,739 [WARN] ThirdParty:775 - waiting for thirdparty lock release [close project]
2020-10-09 17:22:18,739 [INFO] ThirdParty:777 - entering critical section [close project]
2020-10-09 17:22:18,740 [INFO] ThirdParty:790 - exiting critical section [close project]
2020-10-09 17:22:18,742 [INFO] PinOutPanel:1418 - setPackage(No Configuration,No Configuration)
2020-10-09 17:22:18,743 [FATAL] Updater:282 - Updater called before beeing initialized
2020-10-09 17:22:18,757 [ERROR] Updater:967 - MainUpdater not yet initialized. External WinMGr cannot be set.
2020-10-09 17:22:18,758 [INFO] CubeProgrammer:457 - [DDR PANEL] - PathOfProgrammer: /home/joseph/st/stm32cubeide_1.4.0/plugins/com.st.stm32cube.ide.mcu.externaltools.cubeprogrammer.linux64_1.4.0.202007081208/tools/bin
2020-10-09 17:22:18,761 [INFO] ProgrammerExecThread:148 - [ProgrammerAPI] CubeProgrammer command construction: /home/joseph/st/stm32cubeide_1.4.0/plugins/com.st.stm32cube.ide.mcu.externaltools.cubeprogrammer.linux64_1.4.0.202007081208/tools/bin/STM32_Programmer_CLI -l
2020-10-09 17:22:19,162 [INFO] MainDdrPanel:49 - [DDR PANEL] SETTER - Set cubeProgrammerPath to: /home/joseph/st/stm32cubeide_1.4.0/plugins/com.st.stm32cube.ide.mcu.externaltools.cubeprogrammer.linux64_1.4.0.202007081208/tools/bin
2020-10-09 17:22:19,274 [INFO] Updater:904 - Updater Version found : 6.0.0
2020-10-09 17:22:19,328 [INFO] ApplicationProperties:181 - Using Application install path: /home/joseph/st/stm32cubeide_1.4.0/plugins/com.st.stm32cube.common.mx_6.0.0.202007160824
2020-10-09 17:22:19,619 [INFO] MainUpdater:2268 - connection check result : 10
2020-10-09 17:22:19,621 [INFO] MainUpdater:239 - Updater Check For Update Now.
2020-10-09 17:22:19,621 [INFO] MicroXplorer:414 - Change Database Version : DB.6.0.0
2020-10-09 17:22:19,701 [INFO] CheckServerUpdateThread:102 - End of CheckServer Thread
2020-10-09 17:22:19,754 [INFO] MainUpdater:2268 - connection check result : 10
2020-10-09 17:22:19,957 [INFO] ServerAccessManage:348 - Download File mcusDocs.json._tmp_
2020-10-09 17:22:19,990 [INFO] LoadUrlFilesThread:135 - End of LoadUrlFiles Thread
2020-10-09 17:22:20,073 [INFO] ServerAccessManage:348 - Download File mcusFeaturesAndDescription.json._tmp_
2020-10-09 17:22:21,289 [INFO] LoadUrlFilesThread:135 - End of LoadUrlFiles Thread
2020-10-09 17:22:21,355 [INFO] ServerAccessManage:348 - Download File boardsDocs.json._tmp_
2020-10-09 17:22:21,396 [INFO] LoadUrlFilesThread:135 - End of LoadUrlFiles Thread
2020-10-09 17:22:21,462 [INFO] ServerAccessManage:348 - Download File boards.json._tmp_
2020-10-09 17:22:21,513 [INFO] LoadUrlFilesThread:135 - End of LoadUrlFiles Thread
2020-10-09 17:22:21,547 [INFO] ServerAccessManage:348 - Download File cube-finder-db.zip
2020-10-09 17:22:21,983 [WARN] IntegrityCheckThread:61 - waiting for thirdparty lock release [integrity check]
2020-10-09 17:22:21,983 [INFO] IntegrityCheckThread:63 - entering critical section [integrity check]
2020-10-09 17:22:21,983 [WARN] MainUpdater:1087 - Updater busy. Cannot search thirdparties
2020-10-09 17:22:23,671 [INFO] FileExtend:225 - Unzip File : cube-finder-db.zip
2020-10-09 17:22:23,676 [INFO] FileExtend:240 - Standard Zip Deflate
2020-10-09 17:22:24,707 [INFO] LoadUrlFilesThread:135 - End of LoadUrlFiles Thread
2020-10-09 17:22:24,984 [WARN] MainUpdater:1087 - Updater busy. Cannot search thirdparties
2020-10-09 17:22:25,255 [INFO] ServerAccessManage:348 - Download File crdb.zip
2020-10-09 17:22:25,400 [INFO] FileExtend:225 - Unzip File : crdb.zip
2020-10-09 17:22:25,402 [INFO] FileExtend:240 - Standard Zip Deflate
2020-10-09 17:22:25,420 [INFO] LoadUrlFilesThread:135 - End of LoadUrlFiles Thread
2020-10-09 17:22:25,519 [INFO] ServerAccessManage:348 - Download File tutoVideoDB.zip
2020-10-09 17:22:25,563 [INFO] FileExtend:225 - Unzip File : tutoVideoDB.zip
2020-10-09 17:22:25,565 [INFO] FileExtend:240 - Standard Zip Deflate
2020-10-09 17:22:25,572 [INFO] LoadUrlFilesThread:135 - End of LoadUrlFiles Thread
2020-10-09 17:22:25,594 [INFO] DbMcusDocs:145 - JSON generation date=Mon Sep 28 18:14:50 CEST 2020 (1601309690)
2020-10-09 17:22:25,611 [INFO] DbMcusXml:100 - Load MCU database from /home/joseph/st/stm32cubeide_1.4.0/plugins/com.st.stm32cube.common.mx_6.0.0.202007160824//db//mcu/families.xml
2020-10-09 17:22:26,374 [INFO] DbMcusJson:92 - JSON generation date=Mon Sep 28 18:14:50 CEST 2020 (1601309690)
2020-10-09 17:22:27,005 [INFO] DbMcus:175 - Found 1761 MCUs (1722 are supported by CubeMX, 1735 are visible in CubeMX)
2020-10-09 17:22:27,006 [INFO] ApiDb:201 - Load user favorites file /home/joseph/.stm32cubemx/favorites.mcus.txt: 0 item(s)
2020-10-09 17:22:27,006 [INFO] ApiDb:205 - User favorites MCUs=[]
2020-10-09 17:22:27,006 [INFO] DbMcus:187 - Set 0 / 0 favorites MCUs
2020-10-09 17:22:27,303 [INFO] DbMcusDocs:81 - Found 597 MCUs documents
2020-10-09 17:22:27,304 [INFO] ApiDb:226 - Save user favorites file /home/joseph/.stm32cubemx/favorites.mcus.txt: 0 item(s)
2020-10-09 17:22:27,304 [INFO] ApiDb:230 - User favorites MCUs=[]
2020-10-09 17:22:27,305 [INFO] DbMcusXml:100 - Load MCU database from /home/joseph/st/stm32cubeide_1.4.0/plugins/com.st.stm32cube.common.mx_6.0.0.202007160824//db//mcu/families.xml
2020-10-09 17:22:27,776 [INFO] DbMcusJson:92 - JSON generation date=Mon Sep 28 18:14:50 CEST 2020 (1601309690)
2020-10-09 17:22:28,066 [INFO] ThirdPartyDb:299 - Save Third Party DataBase File (/home/joseph/.stm32cubemx/plugins/thirdparty/db/thirdparties_db.xml) [forced]
2020-10-09 17:22:28,110 [INFO] ThirdPartyDb:299 - Save Third Party DataBase File (/home/joseph/.stm32cubemx/plugins/thirdparty/db/thirdparties_db.xml) [forced]
2020-10-09 17:22:28,124 [INFO] IntegrityCheckThread:76 - exiting critical section [integrity check]
2020-10-09 17:22:28,124 [INFO] IntegrityCheckThread:79 - End integrity checks thread
2020-10-09 17:22:28,349 [INFO] DbMcus:175 - Found 1761 MCUs (1722 are supported by CubeMX, 1735 are visible in CubeMX)
2020-10-09 17:22:28,349 [INFO] ApiDb:201 - Load user favorites file /home/joseph/.stm32cubemx/favorites.mcus.txt: 0 item(s)
2020-10-09 17:22:28,350 [INFO] ApiDb:205 - User favorites MCUs=[]
2020-10-09 17:22:28,350 [INFO] DbMcus:187 - Set 0 / 0 favorites MCUs
2020-10-09 17:22:28,392 [INFO] DbBoardsDocs:145 - JSON generation date=Mon Sep 28 18:14:50 CEST 2020 (1601309690)
2020-10-09 17:22:28,419 [INFO] DbBoardsPdsc:94 - Found 9 items
2020-10-09 17:22:28,425 [INFO] DbBoardsPdsc:94 - Found 44 items
2020-10-09 17:22:28,428 [INFO] DbBoardsPdsc:94 - Found 1 items
2020-10-09 17:22:28,430 [INFO] DbBoardsPdsc:94 - Found 4 items
2020-10-09 17:22:28,435 [INFO] DbBoardsPdsc:94 - Found 40 items
2020-10-09 17:22:28,445 [INFO] DbBoardsPdsc:94 - Found 29 items
2020-10-09 17:22:28,447 [INFO] DbBoardsPdsc:94 - Found 2 items
2020-10-09 17:22:28,449 [INFO] DbBoardsPdsc:94 - Found 23 items
2020-10-09 17:22:28,454 [WARN] DbBoardsPdsc:258 - Board STM32H7B3I-DK: unknown feature type=Audio, name=, username=Audio stereo codec with Headphone Amp (CS42L51-CNZ), n=1
2020-10-09 17:22:28,454 [WARN] DbBoardsPdsc:258 - Board STM32H735G-DK: unknown feature type=Audio, name=, username=Audio stereo codec with Headphone Amp (WM8994ECS/R), n=1
2020-10-09 17:22:28,457 [WARN] DbBoardsPdsc:258 - Board STM32H7B3I-EVAL: unknown feature type=Audio, name=, username=Multi-Channel Audio Codec (CS42L51-CNZ), n=1
2020-10-09 17:22:28,457 [WARN] DbBoardsPdsc:258 - Board STM32H7B3I-EVAL: unknown feature type=Meter, name=, username=Power-metering and Temperature-monitoring with sigma-delta modulators, n=1
2020-10-09 17:22:28,457 [WARN] DbBoardsPdsc:258 - Board STM32H7B3I-EVAL: unknown feature type=Motor, name=, username=Motor Control, n=1
2020-10-09 17:22:28,472 [INFO] DbBoardsJson:85 - JSON generation date=Mon Sep 28 15:22:09 CEST 2020 (1601299329)
2020-10-09 17:22:28,478 [INFO] DbBoards:117 - Found 153 boards (149 are supported by CubeMX)
2020-10-09 17:22:28,486 [INFO] DbBoardsDocs:145 - JSON generation date=Mon Sep 28 18:14:50 CEST 2020 (1601309690)
2020-10-09 17:22:28,505 [INFO] DbBoardsDocs:81 - Found 189 boards documents
2020-10-09 17:22:28,506 [WARN] DbBoards:127 - board B-L462E-CELL1 has no document id list !
2020-10-09 17:22:28,506 [WARN] DbBoards:127 - board B-L475E-IOT01A2 has no document id list !
2020-10-09 17:22:28,507 [WARN] DbBoards:127 - board NUCLEO-G491RE has no document id list !
2020-10-09 17:22:28,507 [WARN] DbBoards:127 - board NUCLEO-H743ZI2 has no document id list !
2020-10-09 17:22:28,507 [WARN] DbBoards:127 - board NUCLEO-WB35CE has no document id list !
2020-10-09 17:22:28,507 [WARN] DbBoards:127 - board NUCLEO-WB55RG has no document id list !
2020-10-09 17:22:28,508 [WARN] DbBoards:127 - board P-NUCLEO-WB55-Nucleo has no document id list !
2020-10-09 17:22:28,508 [WARN] DbBoards:127 - board P-NUCLEO-WB55-USBDongle has no document id list !
2020-10-09 17:22:28,508 [WARN] DbBoards:127 - board STEVAL-BFA001V1B has no document id list !
2020-10-09 17:22:28,508 [WARN] DbBoards:127 - board STEVAL-BFA001V2B has no document id list !
2020-10-09 17:22:28,508 [WARN] DbBoards:127 - board STEVAL-IDP005V1 has no document id list !
2020-10-09 17:22:28,508 [WARN] DbBoards:127 - board STEVAL-IDP005V2 has no document id list !
2020-10-09 17:22:28,508 [WARN] DbBoards:127 - board STEVAL-MKSBOX1V1 has no document id list !
2020-10-09 17:22:28,508 [WARN] DbBoards:127 - board STEVAL-STWINKT1 has no document id list !
2020-10-09 17:22:28,509 [WARN] DbBoards:127 - board STM32F401C-DISCO has no document id list !
2020-10-09 17:22:28,509 [WARN] DbBoards:127 - board STM32F769I-DISC1 has no document id list !
2020-10-09 17:22:28,510 [WARN] DbBoards:127 - board STM32G474E-EVAL1 has no document id list !
2020-10-09 17:22:28,510 [WARN] DbBoards:149 - board STM32H735G-DK / document id not found: 4653
2020-10-09 17:22:28,510 [WARN] DbBoards:127 - board STM32H743I-EVAL2 has no document id list !
2020-10-09 17:22:28,510 [WARN] DbBoards:127 - board STM32H747I-DISC1 has no document id list !
2020-10-09 17:22:28,510 [WARN] DbBoards:127 - board STM32H753I-EVAL2 has no document id list !
2020-10-09 17:22:28,511 [WARN] DbBoards:127 - board STM32L-DISCOVERY has no document id list !
2020-10-09 17:22:28,511 [WARN] DbBoards:127 - board STM32MP157A-DK1 has no document id list !
2020-10-09 17:22:28,511 [WARN] DbBoards:127 - board STM32MP157F-EV1 has no document id list !
2020-10-09 17:22:28,675 [ERROR] DbBoards:192 - No image file URL for board B-L462E-CELL1
2020-10-09 17:22:28,968 [ERROR] DbBoards:192 - No image file URL for board NUCLEO-WB35CE
2020-10-09 17:22:29,579 [ERROR] DbBoards:189 - Image file not found for board STM32H747I-EVAL: /home/joseph/st/stm32cubeide_1.4.0/plugins/com.st.stm32cube.common.mx_6.0.0.202007160824//db//plugins/mcufinder/images/boards/stm32h747ieval_small.jpg
2020-10-09 17:22:29,592 [ERROR] DbBoards:189 - Image file not found for board STM32H757I-EVAL: /home/joseph/st/stm32cubeide_1.4.0/plugins/com.st.stm32cube.common.mx_6.0.0.202007160824//db//plugins/mcufinder/images/boards/stm32h747ieval_small.jpg
2020-10-09 17:22:29,592 [ERROR] DbBoards:189 - Image file not found for board STM32H7B3I-DK: /home/joseph/st/stm32cubeide_1.4.0/plugins/com.st.stm32cube.common.mx_6.0.0.202007160824//db//plugins/mcufinder/images/boards/stm32h7b3i-dk_small.jpg
2020-10-09 17:22:29,858 [INFO] ApiDb:201 - Load user favorites file /home/joseph/.stm32cubemx/favorites.boards.txt: 0 item(s)
2020-10-09 17:22:29,858 [INFO] ApiDb:205 - User favorites Boards=[]
2020-10-09 17:22:29,858 [INFO] DbBoards:206 - Set 0 / 0 favorites Boards
2020-10-09 17:22:29,866 [INFO] DbBoardsDocs:81 - Found 378 boards documents
2020-10-09 17:22:29,867 [INFO] ApiDb:226 - Save user favorites file /home/joseph/.stm32cubemx/favorites.boards.txt: 0 item(s)
2020-10-09 17:22:29,867 [INFO] ApiDb:230 - User favorites Boards=[]
2020-10-09 17:22:29,869 [INFO] DbBoardsPdsc:94 - Found 9 items
2020-10-09 17:22:29,872 [INFO] DbBoardsPdsc:94 - Found 44 items
2020-10-09 17:22:29,872 [INFO] DbBoardsPdsc:94 - Found 1 items
2020-10-09 17:22:29,873 [INFO] DbBoardsPdsc:94 - Found 4 items
2020-10-09 17:22:29,876 [INFO] DbBoardsPdsc:94 - Found 40 items
2020-10-09 17:22:29,877 [INFO] DbBoardsPdsc:94 - Found 29 items
2020-10-09 17:22:29,878 [INFO] DbBoardsPdsc:94 - Found 2 items
2020-10-09 17:22:29,879 [INFO] DbBoardsPdsc:94 - Found 23 items
2020-10-09 17:22:29,880 [WARN] DbBoardsPdsc:258 - Board STM32H7B3I-DK: unknown feature type=Audio, name=, username=Audio stereo codec with Headphone Amp (CS42L51-CNZ), n=1
2020-10-09 17:22:29,881 [WARN] DbBoardsPdsc:258 - Board STM32H735G-DK: unknown feature type=Audio, name=, username=Audio stereo codec with Headphone Amp (WM8994ECS/R), n=1
2020-10-09 17:22:29,883 [WARN] DbBoardsPdsc:258 - Board STM32H7B3I-EVAL: unknown feature type=Audio, name=, username=Multi-Channel Audio Codec (CS42L51-CNZ), n=1
2020-10-09 17:22:29,883 [WARN] DbBoardsPdsc:258 - Board STM32H7B3I-EVAL: unknown feature type=Meter, name=, username=Power-metering and Temperature-monitoring with sigma-delta modulators, n=1
2020-10-09 17:22:29,883 [WARN] DbBoardsPdsc:258 - Board STM32H7B3I-EVAL: unknown feature type=Motor, name=, username=Motor Control, n=1
2020-10-09 17:22:29,897 [INFO] DbBoardsJson:85 - JSON generation date=Mon Sep 28 15:22:09 CEST 2020 (1601299329)
2020-10-09 17:22:29,902 [INFO] DbBoards:117 - Found 153 boards (149 are supported by CubeMX)
2020-10-09 17:22:29,902 [WARN] DbBoards:127 - board B-L462E-CELL1 has no document id list !
2020-10-09 17:22:29,902 [WARN] DbBoards:127 - board B-L475E-IOT01A2 has no document id list !
2020-10-09 17:22:29,903 [WARN] DbBoards:127 - board NUCLEO-G491RE has no document id list !
2020-10-09 17:22:29,903 [WARN] DbBoards:127 - board NUCLEO-H743ZI2 has no document id list !
2020-10-09 17:22:29,904 [WARN] DbBoards:127 - board NUCLEO-WB35CE has no document id list !
2020-10-09 17:22:29,904 [WARN] DbBoards:127 - board NUCLEO-WB55RG has no document id list !
2020-10-09 17:22:29,904 [WARN] DbBoards:127 - board P-NUCLEO-WB55-Nucleo has no document id list !
2020-10-09 17:22:29,904 [WARN] DbBoards:127 - board P-NUCLEO-WB55-USBDongle has no document id list !
2020-10-09 17:22:29,904 [WARN] DbBoards:127 - board STEVAL-BFA001V1B has no document id list !
2020-10-09 17:22:29,904 [WARN] DbBoards:127 - board STEVAL-BFA001V2B has no document id list !
2020-10-09 17:22:29,904 [WARN] DbBoards:127 - board STEVAL-IDP005V1 has no document id list !
2020-10-09 17:22:29,904 [WARN] DbBoards:127 - board STEVAL-IDP005V2 has no document id list !
2020-10-09 17:22:29,904 [WARN] DbBoards:127 - board STEVAL-MKSBOX1V1 has no document id list !
2020-10-09 17:22:29,904 [WARN] DbBoards:127 - board STEVAL-STWINKT1 has no document id list !
2020-10-09 17:22:29,905 [WARN] DbBoards:127 - board STM32F401C-DISCO has no document id list !
2020-10-09 17:22:29,905 [WARN] DbBoards:127 - board STM32F769I-DISC1 has no document id list !
2020-10-09 17:22:29,905 [WARN] DbBoards:127 - board STM32G474E-EVAL1 has no document id list !
2020-10-09 17:22:29,905 [WARN] DbBoards:149 - board STM32H735G-DK / document id not found: 4653
2020-10-09 17:22:29,906 [WARN] DbBoards:127 - board STM32H743I-EVAL2 has no document id list !
2020-10-09 17:22:29,906 [WARN] DbBoards:127 - board STM32H747I-DISC1 has no document id list !
2020-10-09 17:22:29,906 [WARN] DbBoards:127 - board STM32H753I-EVAL2 has no document id list !
2020-10-09 17:22:29,906 [WARN] DbBoards:127 - board STM32L-DISCOVERY has no document id list !
2020-10-09 17:22:29,906 [WARN] DbBoards:127 - board STM32MP157A-DK1 has no document id list !
2020-10-09 17:22:29,906 [WARN] DbBoards:127 - board STM32MP157F-EV1 has no document id list !
2020-10-09 17:22:29,941 [ERROR] DbBoards:192 - No image file URL for board B-L462E-CELL1
2020-10-09 17:22:30,147 [ERROR] DbBoards:192 - No image file URL for board NUCLEO-WB35CE
2020-10-09 17:22:30,453 [ERROR] DbBoards:189 - Image file not found for board STM32H747I-EVAL: /home/joseph/st/stm32cubeide_1.4.0/plugins/com.st.stm32cube.common.mx_6.0.0.202007160824//db//plugins/mcufinder/images/boards/stm32h747ieval_small.jpg
2020-10-09 17:22:30,465 [ERROR] DbBoards:189 - Image file not found for board STM32H757I-EVAL: /home/joseph/st/stm32cubeide_1.4.0/plugins/com.st.stm32cube.common.mx_6.0.0.202007160824//db//plugins/mcufinder/images/boards/stm32h747ieval_small.jpg
2020-10-09 17:22:30,465 [ERROR] DbBoards:189 - Image file not found for board STM32H7B3I-DK: /home/joseph/st/stm32cubeide_1.4.0/plugins/com.st.stm32cube.common.mx_6.0.0.202007160824//db//plugins/mcufinder/images/boards/stm32h7b3i-dk_small.jpg
2020-10-09 17:22:30,589 [INFO] ApiDb:201 - Load user favorites file /home/joseph/.stm32cubemx/favorites.boards.txt: 0 item(s)
2020-10-09 17:22:30,589 [INFO] ApiDb:205 - User favorites Boards=[]
2020-10-09 17:22:30,589 [INFO] DbBoards:206 - Set 0 / 0 favorites Boards
2020-10-09 17:22:30,735 [INFO] DbExamplesSqlite:156 - SQLite db open (/home/joseph/.stmcufinder/plugins/mcufinder/mcu/cube-finder-db.db)
2020-10-09 17:22:31,104 [INFO] DbExamplesSqlite:447 - Ignored 0 examples not supported by CubeIDE
2020-10-09 17:22:31,104 [INFO] DbExamplesSqlite:448 - Found 4362 examples active
2020-10-09 17:22:31,104 [INFO] DbExamplesSqlite:449 - Found 128 examples obsolete
2020-10-09 17:22:31,105 [INFO] DbExamplesSqlite:450 - Found 196 examples under development
2020-10-09 17:22:31,105 [INFO] DbExamplesSqlite:451 - Found 132 examples not building
2020-10-09 17:22:31,118 [INFO] DbExamplesSqlite:130 - SQLite Data Model version=2.1
2020-10-09 17:22:31,118 [INFO] DbExamplesSqlite:131 - SQLite Configuration version=2.8
2020-10-09 17:22:31,119 [INFO] DbExamplesSqlite:132 - SQLite generation date=2020-07-03 (1593795692)
2020-10-09 17:22:31,119 [INFO] DbExamplesSqlite:133 - SQLite FW Pack versions=[STM32Cube_FW_F4_V1.25.0, STM32Cube_FW_F7_V1.16.0, STM32Cube_FW_G0_V1.3.0, STM32Cube_FW_G4_V1.3.0, STM32Cube_FW_H7_V1.8.0, STM32Cube_FW_L5_V1.3.0, STM32Cube_FW_WB_V1.8.0, STM32Cube_FW_WL_V0.6.0]
2020-10-09 17:22:31,119 [INFO] DbExamples:123 - Found 4494 examples
2020-10-09 17:22:31,522 [ERROR] DbExamples:199 - Found 288 examples with invalid data (board or MCU)
2020-10-09 17:22:31,522 [INFO] DbExamples:215 - Found 58 boards with related examples
2020-10-09 17:22:31,533 [INFO] DbExamples:228 - Found 44 MCUs with related examples
2020-10-09 17:22:31,550 [INFO] ApiDb:192 - User favorites file not found: /home/joseph/.stm32cubemx/favorites.examples.txt
2020-10-09 17:22:31,551 [INFO] DbExamples:249 - Set 0 / 0 favorites Examples
2020-10-09 17:22:31,716 [INFO] McuFinderGlobals:40 - Set McuFinder mode to 2 (CubeIDE integrated)
2020-10-09 17:22:31,799 [INFO] CrossSelectorPresenter:1330 - Cross Selector saved comparison directory: /home/joseph/.stmcufinder/plugins/mcufinder/mcu/cs_comparisons_mx
2020-10-09 17:22:31,806 [INFO] MultiScanPanel:193 - Auto-refresh data requested => check proxy status ongoing
2020-10-09 17:22:31,808 [INFO] FinderPluginLoader:87 - Searching for filters in installed packs
2020-10-09 17:22:32,368 [INFO] LoadUrlFilesThread:162 - End of LoadServerUrlFiles without Thread
2020-10-09 17:22:32,437 [INFO] DetailPanel:331 - Set advertising image to /home/joseph/STM32Cube/Repository//stm32cubemx-promo_image.jpg
2020-10-09 17:22:32,833 [INFO] McuFilterPanel:245 - Update 0 favorites MCUs
2020-10-09 17:22:34,956 [INFO] MultiScanPanel:193 - Auto-refresh data requested => check proxy status ongoing
2020-10-09 17:22:35,023 [INFO] LoadUrlFilesThread:162 - End of LoadServerUrlFiles without Thread
2020-10-09 17:22:35,024 [INFO] DetailPanel:331 - Set advertising image to /home/joseph/STM32Cube/Repository//stm32cubemx-promo_image.jpg
2020-10-09 17:22:35,050 [INFO] BoardFilterPanel:214 - Update 0 favorites Boards
2020-10-09 17:22:36,217 [INFO] ApiDb:226 - Save user favorites file /home/joseph/.stm32cubeide/favorites.mcus.txt: 0 item(s)
2020-10-09 17:22:36,218 [INFO] ApiDb:230 - User favorites MCUs=[]
2020-10-09 17:22:36,220 [INFO] ApiDb:226 - Save user favorites file /home/joseph/.stm32cubeide/favorites.boards.txt: 0 item(s)
2020-10-09 17:22:36,220 [INFO] ApiDb:230 - User favorites Boards=[]
2020-10-09 17:38:35,065 [INFO] MainUpdater:2268 - connection check result : 10
2020-10-09 17:38:35,197 [INFO] McuFinderGlobals:40 - Set McuFinder mode to 2 (CubeIDE integrated)
2020-10-09 17:38:35,322 [INFO] CrossSelectorPresenter:1330 - Cross Selector saved comparison directory: /home/joseph/.stmcufinder/plugins/mcufinder/mcu/cs_comparisons_mx
2020-10-09 17:38:35,323 [INFO] MultiScanPanel:193 - Auto-refresh data requested => check proxy status ongoing
2020-10-09 17:38:35,323 [INFO] FinderPluginLoader:87 - Searching for filters in installed packs
2020-10-09 17:38:35,534 [INFO] LoadUrlFilesThread:162 - End of LoadServerUrlFiles without Thread
2020-10-09 17:38:35,534 [INFO] DetailPanel:331 - Set advertising image to /home/joseph/STM32Cube/Repository//stm32cubemx-promo_image.jpg
2020-10-09 17:38:35,744 [INFO] McuFilterPanel:245 - Update 0 favorites MCUs
2020-10-09 17:38:38,501 [INFO] ApiDb:226 - Save user favorites file /home/joseph/.stm32cubeide/favorites.mcus.txt: 0 item(s)
2020-10-09 17:38:38,502 [INFO] ApiDb:230 - User favorites MCUs=[]
2020-10-09 17:40:12,971 [INFO] LogOutputStream:76 - [STDOUT_REDIRECT] NM parsing issue: line doesn't match pattern:          U abort@@GLIBC_2.4
2020-10-09 17:40:12,975 [INFO] LogOutputStream:76 - [STDOUT_REDIRECT] NM parsing issue: line doesn't match pattern:          U __assert_fail@@GLIBC_2.4
2020-10-09 17:40:12,975 [INFO] LogOutputStream:76 - [STDOUT_REDIRECT] NM parsing issue: line doesn't match pattern:          U clock@@GLIBC_2.4
2020-10-09 17:40:12,976 [INFO] LogOutputStream:76 - [STDOUT_REDIRECT] NM parsing issue: line doesn't match pattern:          U free@@GLIBC_2.4
2020-10-09 17:40:12,976 [INFO] LogOutputStream:76 - [STDOUT_REDIRECT] NM parsing issue: line doesn't match pattern:          U fwrite@@GLIBC_2.4
2020-10-09 17:40:12,977 [INFO] LogOutputStream:76 - [STDOUT_REDIRECT] NM parsing issue: line doesn't match pattern:          U getpid@@GLIBC_2.4
2020-10-09 17:40:12,978 [INFO] LogOutputStream:76 - [STDOUT_REDIRECT] NM parsing issue: line doesn't match pattern:          U ioctl@@GLIBC_2.4
2020-10-09 17:40:12,978 [INFO] LogOutputStream:76 - [STDOUT_REDIRECT] NM parsing issue: line doesn't match pattern:          U __libc_start_main@@GLIBC_2.4
2020-10-09 17:40:12,979 [INFO] LogOutputStream:76 - [STDOUT_REDIRECT] NM parsing issue: line doesn't match pattern:          U malloc@@GLIBC_2.4
2020-10-09 17:40:12,980 [INFO] LogOutputStream:76 - [STDOUT_REDIRECT] NM parsing issue: line doesn't match pattern:          U memcpy@@GLIBC_2.4
2020-10-09 17:40:12,980 [INFO] LogOutputStream:76 - [STDOUT_REDIRECT] NM parsing issue: line doesn't match pattern:          U memmove@@GLIBC_2.4
2020-10-09 17:40:12,980 [INFO] LogOutputStream:76 - [STDOUT_REDIRECT] NM parsing issue: line doesn't match pattern:          U memset@@GLIBC_2.4
2020-10-09 17:40:12,980 [INFO] LogOutputStream:76 - [STDOUT_REDIRECT] NM parsing issue: line doesn't match pattern:          U mmap@@GLIBC_2.4
2020-10-09 17:40:12,981 [INFO] LogOutputStream:76 - [STDOUT_REDIRECT] NM parsing issue: line doesn't match pattern:          U open@@GLIBC_2.4
2020-10-09 17:40:12,981 [INFO] LogOutputStream:76 - [STDOUT_REDIRECT] NM parsing issue: line doesn't match pattern:          U printf@@GLIBC_2.4
2020-10-09 17:40:12,981 [INFO] LogOutputStream:76 - [STDOUT_REDIRECT] NM parsing issue: line doesn't match pattern:          U raise@@GLIBC_2.4
2020-10-09 17:40:12,981 [INFO] LogOutputStream:76 - [STDOUT_REDIRECT] NM parsing issue: line doesn't match pattern:          U rand@@GLIBC_2.4
2020-10-09 17:40:12,982 [INFO] LogOutputStream:76 - [STDOUT_REDIRECT] NM parsing issue: line doesn't match pattern:          U read@@GLIBC_2.4
2020-10-09 17:40:12,982 [INFO] LogOutputStream:76 - [STDOUT_REDIRECT] NM parsing issue: line doesn't match pattern:          U realloc@@GLIBC_2.4
2020-10-09 17:40:12,983 [INFO] LogOutputStream:76 - [STDOUT_REDIRECT] NM parsing issue: line doesn't match pattern:          U sprintf@@GLIBC_2.4
2020-10-09 17:40:12,983 [INFO] LogOutputStream:76 - [STDOUT_REDIRECT] NM parsing issue: line doesn't match pattern:          U sqrt@@GLIBC_2.4
2020-10-09 17:40:12,983 [INFO] LogOutputStream:76 - [STDOUT_REDIRECT] NM parsing issue: line doesn't match pattern:          U sqrtl@@GLIBC_2.4
2020-10-09 17:40:12,983 [INFO] LogOutputStream:76 - [STDOUT_REDIRECT] NM parsing issue: line doesn't match pattern:          U srand@@GLIBC_2.4
2020-10-09 17:40:12,983 [INFO] LogOutputStream:76 - [STDOUT_REDIRECT] NM parsing issue: line doesn't match pattern: 0003d198 B stderr@@GLIBC_2.4
2020-10-09 17:40:12,984 [INFO] LogOutputStream:76 - [STDOUT_REDIRECT] NM parsing issue: line doesn't match pattern:          U strcpy@@GLIBC_2.4
2020-10-09 17:40:12,984 [INFO] LogOutputStream:76 - [STDOUT_REDIRECT] NM parsing issue: line doesn't match pattern:          U strstr@@GLIBC_2.4
2020-10-09 17:40:12,984 [INFO] LogOutputStream:76 - [STDOUT_REDIRECT] NM parsing issue: line doesn't match pattern:          U strtoul@@GLIBC_2.4
2020-10-09 17:40:12,984 [INFO] LogOutputStream:76 - [STDOUT_REDIRECT] NM parsing issue: line doesn't match pattern:          U syscall@@GLIBC_2.4
2020-10-09 17:40:12,984 [INFO] LogOutputStream:76 - [STDOUT_REDIRECT] NM parsing issue: line doesn't match pattern:          U system@@GLIBC_2.4
2020-10-09 17:40:12,985 [INFO] LogOutputStream:76 - [STDOUT_REDIRECT] NM parsing issue: line doesn't match pattern:          U time@@GLIBC_2.4
2020-10-09 17:40:12,985 [INFO] LogOutputStream:76 - [STDOUT_REDIRECT] NM parsing issue: line doesn't match pattern:          U usleep@@GLIBC_2.4
2020-10-09 18:08:03,721 [INFO] LogOutputStream:76 - [STDOUT_REDIRECT] NM parsing issue: line doesn't match pattern:          U abort@@GLIBC_2.4
2020-10-09 18:08:03,725 [INFO] LogOutputStream:76 - [STDOUT_REDIRECT] NM parsing issue: line doesn't match pattern:          U __assert_fail@@GLIBC_2.4
2020-10-09 18:08:03,725 [INFO] LogOutputStream:76 - [STDOUT_REDIRECT] NM parsing issue: line doesn't match pattern:          U clock@@GLIBC_2.4
2020-10-09 18:08:03,726 [INFO] LogOutputStream:76 - [STDOUT_REDIRECT] NM parsing issue: line doesn't match pattern:          U free@@GLIBC_2.4
2020-10-09 18:08:03,726 [INFO] LogOutputStream:76 - [STDOUT_REDIRECT] NM parsing issue: line doesn't match pattern:          U fwrite@@GLIBC_2.4
2020-10-09 18:08:03,726 [INFO] LogOutputStream:76 - [STDOUT_REDIRECT] NM parsing issue: line doesn't match pattern:          U getpid@@GLIBC_2.4
2020-10-09 18:08:03,726 [INFO] LogOutputStream:76 - [STDOUT_REDIRECT] NM parsing issue: line doesn't match pattern:          U ioctl@@GLIBC_2.4
2020-10-09 18:08:03,727 [INFO] LogOutputStream:76 - [STDOUT_REDIRECT] NM parsing issue: line doesn't match pattern:          U __libc_start_main@@GLIBC_2.4
2020-10-09 18:08:03,727 [INFO] LogOutputStream:76 - [STDOUT_REDIRECT] NM parsing issue: line doesn't match pattern:          U malloc@@GLIBC_2.4
2020-10-09 18:08:03,727 [INFO] LogOutputStream:76 - [STDOUT_REDIRECT] NM parsing issue: line doesn't match pattern:          U memcpy@@GLIBC_2.4
2020-10-09 18:08:03,727 [INFO] LogOutputStream:76 - [STDOUT_REDIRECT] NM parsing issue: line doesn't match pattern:          U memmove@@GLIBC_2.4
2020-10-09 18:08:03,727 [INFO] LogOutputStream:76 - [STDOUT_REDIRECT] NM parsing issue: line doesn't match pattern:          U memset@@GLIBC_2.4
2020-10-09 18:08:03,727 [INFO] LogOutputStream:76 - [STDOUT_REDIRECT] NM parsing issue: line doesn't match pattern:          U mmap@@GLIBC_2.4
2020-10-09 18:08:03,727 [INFO] LogOutputStream:76 - [STDOUT_REDIRECT] NM parsing issue: line doesn't match pattern:          U open@@GLIBC_2.4
2020-10-09 18:08:03,728 [INFO] LogOutputStream:76 - [STDOUT_REDIRECT] NM parsing issue: line doesn't match pattern:          U printf@@GLIBC_2.4
2020-10-09 18:08:03,728 [INFO] LogOutputStream:76 - [STDOUT_REDIRECT] NM parsing issue: line doesn't match pattern:          U raise@@GLIBC_2.4
2020-10-09 18:08:03,728 [INFO] LogOutputStream:76 - [STDOUT_REDIRECT] NM parsing issue: line doesn't match pattern:          U rand@@GLIBC_2.4
2020-10-09 18:08:03,728 [INFO] LogOutputStream:76 - [STDOUT_REDIRECT] NM parsing issue: line doesn't match pattern:          U read@@GLIBC_2.4
2020-10-09 18:08:03,728 [INFO] LogOutputStream:76 - [STDOUT_REDIRECT] NM parsing issue: line doesn't match pattern:          U realloc@@GLIBC_2.4
2020-10-09 18:08:03,729 [INFO] LogOutputStream:76 - [STDOUT_REDIRECT] NM parsing issue: line doesn't match pattern:          U sprintf@@GLIBC_2.4
2020-10-09 18:08:03,730 [INFO] LogOutputStream:76 - [STDOUT_REDIRECT] NM parsing issue: line doesn't match pattern:          U sqrt@@GLIBC_2.4
2020-10-09 18:08:03,730 [INFO] LogOutputStream:76 - [STDOUT_REDIRECT] NM parsing issue: line doesn't match pattern:          U sqrtl@@GLIBC_2.4
2020-10-09 18:08:03,730 [INFO] LogOutputStream:76 - [STDOUT_REDIRECT] NM parsing issue: line doesn't match pattern:          U srand@@GLIBC_2.4
2020-10-09 18:08:03,731 [INFO] LogOutputStream:76 - [STDOUT_REDIRECT] NM parsing issue: line doesn't match pattern: 0003d198 B stderr@@GLIBC_2.4
2020-10-09 18:08:03,731 [INFO] LogOutputStream:76 - [STDOUT_REDIRECT] NM parsing issue: line doesn't match pattern:          U strcpy@@GLIBC_2.4
2020-10-09 18:08:03,731 [INFO] LogOutputStream:76 - [STDOUT_REDIRECT] NM parsing issue: line doesn't match pattern:          U strstr@@GLIBC_2.4
2020-10-09 18:08:03,731 [INFO] LogOutputStream:76 - [STDOUT_REDIRECT] NM parsing issue: line doesn't match pattern:          U strtoul@@GLIBC_2.4
2020-10-09 18:08:03,731 [INFO] LogOutputStream:76 - [STDOUT_REDIRECT] NM parsing issue: line doesn't match pattern:          U syscall@@GLIBC_2.4
2020-10-09 18:08:03,732 [INFO] LogOutputStream:76 - [STDOUT_REDIRECT] NM parsing issue: line doesn't match pattern:          U system@@GLIBC_2.4
2020-10-09 18:08:03,732 [INFO] LogOutputStream:76 - [STDOUT_REDIRECT] NM parsing issue: line doesn't match pattern:          U time@@GLIBC_2.4
2020-10-09 18:08:03,732 [INFO] LogOutputStream:76 - [STDOUT_REDIRECT] NM parsing issue: line doesn't match pattern:          U usleep@@GLIBC_2.4
2020-10-09 18:09:18,049 [INFO] LogOutputStream:76 - [STDOUT_REDIRECT] NM parsing issue: line doesn't match pattern:          U abort@@GLIBC_2.4
2020-10-09 18:09:18,050 [INFO] LogOutputStream:76 - [STDOUT_REDIRECT] NM parsing issue: line doesn't match pattern:          U free@@GLIBC_2.4
2020-10-09 18:09:18,050 [INFO] LogOutputStream:76 - [STDOUT_REDIRECT] NM parsing issue: line doesn't match pattern:          U fwrite@@GLIBC_2.4
2020-10-09 18:09:18,051 [INFO] LogOutputStream:76 - [STDOUT_REDIRECT] NM parsing issue: line doesn't match pattern:          U getpid@@GLIBC_2.4
2020-10-09 18:09:18,051 [INFO] LogOutputStream:76 - [STDOUT_REDIRECT] NM parsing issue: line doesn't match pattern:          U ioctl@@GLIBC_2.4
2020-10-09 18:09:18,051 [INFO] LogOutputStream:76 - [STDOUT_REDIRECT] NM parsing issue: line doesn't match pattern:          U __libc_start_main@@GLIBC_2.4
2020-10-09 18:09:18,051 [INFO] LogOutputStream:76 - [STDOUT_REDIRECT] NM parsing issue: line doesn't match pattern:          U malloc@@GLIBC_2.4
2020-10-09 18:09:18,051 [INFO] LogOutputStream:76 - [STDOUT_REDIRECT] NM parsing issue: line doesn't match pattern:          U memcpy@@GLIBC_2.4
2020-10-09 18:09:18,052 [INFO] LogOutputStream:76 - [STDOUT_REDIRECT] NM parsing issue: line doesn't match pattern:          U memmove@@GLIBC_2.4
2020-10-09 18:09:18,052 [INFO] LogOutputStream:76 - [STDOUT_REDIRECT] NM parsing issue: line doesn't match pattern:          U memset@@GLIBC_2.4
2020-10-09 18:09:18,052 [INFO] LogOutputStream:76 - [STDOUT_REDIRECT] NM parsing issue: line doesn't match pattern:          U mmap@@GLIBC_2.4
2020-10-09 18:09:18,052 [INFO] LogOutputStream:76 - [STDOUT_REDIRECT] NM parsing issue: line doesn't match pattern:          U open@@GLIBC_2.4
2020-10-09 18:09:18,052 [INFO] LogOutputStream:76 - [STDOUT_REDIRECT] NM parsing issue: line doesn't match pattern:          U printf@@GLIBC_2.4
2020-10-09 18:09:18,053 [INFO] LogOutputStream:76 - [STDOUT_REDIRECT] NM parsing issue: line doesn't match pattern:          U putchar@@GLIBC_2.4
2020-10-09 18:09:18,053 [INFO] LogOutputStream:76 - [STDOUT_REDIRECT] NM parsing issue: line doesn't match pattern:          U raise@@GLIBC_2.4
2020-10-09 18:09:18,053 [INFO] LogOutputStream:76 - [STDOUT_REDIRECT] NM parsing issue: line doesn't match pattern:          U realloc@@GLIBC_2.4
2020-10-09 18:09:18,053 [INFO] LogOutputStream:76 - [STDOUT_REDIRECT] NM parsing issue: line doesn't match pattern:          U sprintf@@GLIBC_2.4
2020-10-09 18:09:18,054 [INFO] LogOutputStream:76 - [STDOUT_REDIRECT] NM parsing issue: line doesn't match pattern: 0003b990 B stderr@@GLIBC_2.4
2020-10-09 18:09:18,054 [INFO] LogOutputStream:76 - [STDOUT_REDIRECT] NM parsing issue: line doesn't match pattern:          U strcpy@@GLIBC_2.4
2020-10-09 18:09:18,054 [INFO] LogOutputStream:76 - [STDOUT_REDIRECT] NM parsing issue: line doesn't match pattern:          U strstr@@GLIBC_2.4
2020-10-09 18:09:18,055 [INFO] LogOutputStream:76 - [STDOUT_REDIRECT] NM parsing issue: line doesn't match pattern:          U strtoul@@GLIBC_2.4
2020-10-09 18:09:18,055 [INFO] LogOutputStream:76 - [STDOUT_REDIRECT] NM parsing issue: line doesn't match pattern:          U syscall@@GLIBC_2.4
2020-10-09 18:09:18,056 [INFO] LogOutputStream:76 - [STDOUT_REDIRECT] NM parsing issue: line doesn't match pattern:          U system@@GLIBC_2.4
2020-10-09 18:09:18,056 [INFO] LogOutputStream:76 - [STDOUT_REDIRECT] NM parsing issue: line doesn't match pattern:          U usleep@@GLIBC_2.4
2020-10-09 18:13:19,919 [INFO] LogOutputStream:76 - [STDOUT_REDIRECT] NM parsing issue: line doesn't match pattern:          U abort@@GLIBC_2.4
2020-10-09 18:13:19,925 [INFO] LogOutputStream:76 - [STDOUT_REDIRECT] NM parsing issue: line doesn't match pattern:          U __assert_fail@@GLIBC_2.4
2020-10-09 18:13:19,925 [INFO] LogOutputStream:76 - [STDOUT_REDIRECT] NM parsing issue: line doesn't match pattern:          U clock@@GLIBC_2.4
2020-10-09 18:13:19,926 [INFO] LogOutputStream:76 - [STDOUT_REDIRECT] NM parsing issue: line doesn't match pattern:          U free@@GLIBC_2.4
2020-10-09 18:13:19,926 [INFO] LogOutputStream:76 - [STDOUT_REDIRECT] NM parsing issue: line doesn't match pattern:          U fwrite@@GLIBC_2.4
2020-10-09 18:13:19,926 [INFO] LogOutputStream:76 - [STDOUT_REDIRECT] NM parsing issue: line doesn't match pattern:          U getpid@@GLIBC_2.4
2020-10-09 18:13:19,926 [INFO] LogOutputStream:76 - [STDOUT_REDIRECT] NM parsing issue: line doesn't match pattern:          U ioctl@@GLIBC_2.4
2020-10-09 18:13:19,927 [INFO] LogOutputStream:76 - [STDOUT_REDIRECT] NM parsing issue: line doesn't match pattern:          U __libc_start_main@@GLIBC_2.4
2020-10-09 18:13:19,927 [INFO] LogOutputStream:76 - [STDOUT_REDIRECT] NM parsing issue: line doesn't match pattern:          U malloc@@GLIBC_2.4
2020-10-09 18:13:19,928 [INFO] LogOutputStream:76 - [STDOUT_REDIRECT] NM parsing issue: line doesn't match pattern:          U memcpy@@GLIBC_2.4
2020-10-09 18:13:19,928 [INFO] LogOutputStream:76 - [STDOUT_REDIRECT] NM parsing issue: line doesn't match pattern:          U memmove@@GLIBC_2.4
2020-10-09 18:13:19,928 [INFO] LogOutputStream:76 - [STDOUT_REDIRECT] NM parsing issue: line doesn't match pattern:          U memset@@GLIBC_2.4
2020-10-09 18:13:19,928 [INFO] LogOutputStream:76 - [STDOUT_REDIRECT] NM parsing issue: line doesn't match pattern:          U mmap@@GLIBC_2.4
2020-10-09 18:13:19,928 [INFO] LogOutputStream:76 - [STDOUT_REDIRECT] NM parsing issue: line doesn't match pattern:          U open@@GLIBC_2.4
2020-10-09 18:13:19,929 [INFO] LogOutputStream:76 - [STDOUT_REDIRECT] NM parsing issue: line doesn't match pattern:          U printf@@GLIBC_2.4
2020-10-09 18:13:19,929 [INFO] LogOutputStream:76 - [STDOUT_REDIRECT] NM parsing issue: line doesn't match pattern:          U raise@@GLIBC_2.4
2020-10-09 18:13:19,929 [INFO] LogOutputStream:76 - [STDOUT_REDIRECT] NM parsing issue: line doesn't match pattern:          U rand@@GLIBC_2.4
2020-10-09 18:13:19,929 [INFO] LogOutputStream:76 - [STDOUT_REDIRECT] NM parsing issue: line doesn't match pattern:          U read@@GLIBC_2.4
2020-10-09 18:13:19,929 [INFO] LogOutputStream:76 - [STDOUT_REDIRECT] NM parsing issue: line doesn't match pattern:          U realloc@@GLIBC_2.4
2020-10-09 18:13:19,930 [INFO] LogOutputStream:76 - [STDOUT_REDIRECT] NM parsing issue: line doesn't match pattern:          U sprintf@@GLIBC_2.4
2020-10-09 18:13:19,931 [INFO] LogOutputStream:76 - [STDOUT_REDIRECT] NM parsing issue: line doesn't match pattern:          U sqrt@@GLIBC_2.4
2020-10-09 18:13:19,931 [INFO] LogOutputStream:76 - [STDOUT_REDIRECT] NM parsing issue: line doesn't match pattern:          U sqrtl@@GLIBC_2.4
2020-10-09 18:13:19,931 [INFO] LogOutputStream:76 - [STDOUT_REDIRECT] NM parsing issue: line doesn't match pattern:          U srand@@GLIBC_2.4
2020-10-09 18:13:19,931 [INFO] LogOutputStream:76 - [STDOUT_REDIRECT] NM parsing issue: line doesn't match pattern: 0003d198 B stderr@@GLIBC_2.4
2020-10-09 18:13:19,931 [INFO] LogOutputStream:76 - [STDOUT_REDIRECT] NM parsing issue: line doesn't match pattern:          U strcpy@@GLIBC_2.4
2020-10-09 18:13:19,932 [INFO] LogOutputStream:76 - [STDOUT_REDIRECT] NM parsing issue: line doesn't match pattern:          U strstr@@GLIBC_2.4
2020-10-09 18:13:19,932 [INFO] LogOutputStream:76 - [STDOUT_REDIRECT] NM parsing issue: line doesn't match pattern:          U strtoul@@GLIBC_2.4
2020-10-09 18:13:19,932 [INFO] LogOutputStream:76 - [STDOUT_REDIRECT] NM parsing issue: line doesn't match pattern:          U syscall@@GLIBC_2.4
2020-10-09 18:13:19,932 [INFO] LogOutputStream:76 - [STDOUT_REDIRECT] NM parsing issue: line doesn't match pattern:          U system@@GLIBC_2.4
2020-10-09 18:13:19,932 [INFO] LogOutputStream:76 - [STDOUT_REDIRECT] NM parsing issue: line doesn't match pattern:          U time@@GLIBC_2.4
2020-10-09 18:13:19,933 [INFO] LogOutputStream:76 - [STDOUT_REDIRECT] NM parsing issue: line doesn't match pattern:          U usleep@@GLIBC_2.4
2020-10-09 18:13:24,887 [INFO] LogOutputStream:76 - [STDOUT_REDIRECT] NM parsing issue: line doesn't match pattern:          U abort@@GLIBC_2.4
2020-10-09 18:13:24,887 [INFO] LogOutputStream:76 - [STDOUT_REDIRECT] NM parsing issue: line doesn't match pattern:          U free@@GLIBC_2.4
2020-10-09 18:13:24,888 [INFO] LogOutputStream:76 - [STDOUT_REDIRECT] NM parsing issue: line doesn't match pattern:          U fwrite@@GLIBC_2.4
2020-10-09 18:13:24,888 [INFO] LogOutputStream:76 - [STDOUT_REDIRECT] NM parsing issue: line doesn't match pattern:          U getpid@@GLIBC_2.4
2020-10-09 18:13:24,888 [INFO] LogOutputStream:76 - [STDOUT_REDIRECT] NM parsing issue: line doesn't match pattern:          U ioctl@@GLIBC_2.4
2020-10-09 18:13:24,888 [INFO] LogOutputStream:76 - [STDOUT_REDIRECT] NM parsing issue: line doesn't match pattern:          U __libc_start_main@@GLIBC_2.4
2020-10-09 18:13:24,889 [INFO] LogOutputStream:76 - [STDOUT_REDIRECT] NM parsing issue: line doesn't match pattern:          U malloc@@GLIBC_2.4
2020-10-09 18:13:24,889 [INFO] LogOutputStream:76 - [STDOUT_REDIRECT] NM parsing issue: line doesn't match pattern:          U memcpy@@GLIBC_2.4
2020-10-09 18:13:24,889 [INFO] LogOutputStream:76 - [STDOUT_REDIRECT] NM parsing issue: line doesn't match pattern:          U memmove@@GLIBC_2.4
2020-10-09 18:13:24,889 [INFO] LogOutputStream:76 - [STDOUT_REDIRECT] NM parsing issue: line doesn't match pattern:          U memset@@GLIBC_2.4
2020-10-09 18:13:24,889 [INFO] LogOutputStream:76 - [STDOUT_REDIRECT] NM parsing issue: line doesn't match pattern:          U mmap@@GLIBC_2.4
2020-10-09 18:13:24,890 [INFO] LogOutputStream:76 - [STDOUT_REDIRECT] NM parsing issue: line doesn't match pattern:          U open@@GLIBC_2.4
2020-10-09 18:13:24,890 [INFO] LogOutputStream:76 - [STDOUT_REDIRECT] NM parsing issue: line doesn't match pattern:          U printf@@GLIBC_2.4
2020-10-09 18:13:24,890 [INFO] LogOutputStream:76 - [STDOUT_REDIRECT] NM parsing issue: line doesn't match pattern:          U putchar@@GLIBC_2.4
2020-10-09 18:13:24,890 [INFO] LogOutputStream:76 - [STDOUT_REDIRECT] NM parsing issue: line doesn't match pattern:          U raise@@GLIBC_2.4
2020-10-09 18:13:24,890 [INFO] LogOutputStream:76 - [STDOUT_REDIRECT] NM parsing issue: line doesn't match pattern:          U realloc@@GLIBC_2.4
2020-10-09 18:13:24,891 [INFO] LogOutputStream:76 - [STDOUT_REDIRECT] NM parsing issue: line doesn't match pattern:          U sprintf@@GLIBC_2.4
2020-10-09 18:13:24,891 [INFO] LogOutputStream:76 - [STDOUT_REDIRECT] NM parsing issue: line doesn't match pattern: 0003b990 B stderr@@GLIBC_2.4
2020-10-09 18:13:24,891 [INFO] LogOutputStream:76 - [STDOUT_REDIRECT] NM parsing issue: line doesn't match pattern:          U strcpy@@GLIBC_2.4
2020-10-09 18:13:24,891 [INFO] LogOutputStream:76 - [STDOUT_REDIRECT] NM parsing issue: line doesn't match pattern:          U strstr@@GLIBC_2.4
2020-10-09 18:13:24,891 [INFO] LogOutputStream:76 - [STDOUT_REDIRECT] NM parsing issue: line doesn't match pattern:          U strtoul@@GLIBC_2.4
2020-10-09 18:13:24,892 [INFO] LogOutputStream:76 - [STDOUT_REDIRECT] NM parsing issue: line doesn't match pattern:          U syscall@@GLIBC_2.4
2020-10-09 18:13:24,892 [INFO] LogOutputStream:76 - [STDOUT_REDIRECT] NM parsing issue: line doesn't match pattern:          U system@@GLIBC_2.4
2020-10-09 18:13:24,892 [INFO] LogOutputStream:76 - [STDOUT_REDIRECT] NM parsing issue: line doesn't match pattern:          U usleep@@GLIBC_2.4
2020-10-09 18:13:35,267 [INFO] LogOutputStream:76 - [STDOUT_REDIRECT] NM parsing issue: line doesn't match pattern:          U abort@@GLIBC_2.4
2020-10-09 18:13:35,272 [INFO] LogOutputStream:76 - [STDOUT_REDIRECT] NM parsing issue: line doesn't match pattern:          U __assert_fail@@GLIBC_2.4
2020-10-09 18:13:35,272 [INFO] LogOutputStream:76 - [STDOUT_REDIRECT] NM parsing issue: line doesn't match pattern:          U clock@@GLIBC_2.4
2020-10-09 18:13:35,272 [INFO] LogOutputStream:76 - [STDOUT_REDIRECT] NM parsing issue: line doesn't match pattern:          U free@@GLIBC_2.4
2020-10-09 18:13:35,273 [INFO] LogOutputStream:76 - [STDOUT_REDIRECT] NM parsing issue: line doesn't match pattern:          U fwrite@@GLIBC_2.4
2020-10-09 18:13:35,273 [INFO] LogOutputStream:76 - [STDOUT_REDIRECT] NM parsing issue: line doesn't match pattern:          U getpid@@GLIBC_2.4
2020-10-09 18:13:35,273 [INFO] LogOutputStream:76 - [STDOUT_REDIRECT] NM parsing issue: line doesn't match pattern:          U ioctl@@GLIBC_2.4
2020-10-09 18:13:35,273 [INFO] LogOutputStream:76 - [STDOUT_REDIRECT] NM parsing issue: line doesn't match pattern:          U __libc_start_main@@GLIBC_2.4
2020-10-09 18:13:35,274 [INFO] LogOutputStream:76 - [STDOUT_REDIRECT] NM parsing issue: line doesn't match pattern:          U malloc@@GLIBC_2.4
2020-10-09 18:13:35,274 [INFO] LogOutputStream:76 - [STDOUT_REDIRECT] NM parsing issue: line doesn't match pattern:          U memcpy@@GLIBC_2.4
2020-10-09 18:13:35,274 [INFO] LogOutputStream:76 - [STDOUT_REDIRECT] NM parsing issue: line doesn't match pattern:          U memmove@@GLIBC_2.4
2020-10-09 18:13:35,274 [INFO] LogOutputStream:76 - [STDOUT_REDIRECT] NM parsing issue: line doesn't match pattern:          U memset@@GLIBC_2.4
2020-10-09 18:13:35,275 [INFO] LogOutputStream:76 - [STDOUT_REDIRECT] NM parsing issue: line doesn't match pattern:          U mmap@@GLIBC_2.4
2020-10-09 18:13:35,275 [INFO] LogOutputStream:76 - [STDOUT_REDIRECT] NM parsing issue: line doesn't match pattern:          U open@@GLIBC_2.4
2020-10-09 18:13:35,275 [INFO] LogOutputStream:76 - [STDOUT_REDIRECT] NM parsing issue: line doesn't match pattern:          U printf@@GLIBC_2.4
2020-10-09 18:13:35,275 [INFO] LogOutputStream:76 - [STDOUT_REDIRECT] NM parsing issue: line doesn't match pattern:          U raise@@GLIBC_2.4
2020-10-09 18:13:35,275 [INFO] LogOutputStream:76 - [STDOUT_REDIRECT] NM parsing issue: line doesn't match pattern:          U rand@@GLIBC_2.4
2020-10-09 18:13:35,275 [INFO] LogOutputStream:76 - [STDOUT_REDIRECT] NM parsing issue: line doesn't match pattern:          U read@@GLIBC_2.4
2020-10-09 18:13:35,276 [INFO] LogOutputStream:76 - [STDOUT_REDIRECT] NM parsing issue: line doesn't match pattern:          U realloc@@GLIBC_2.4
2020-10-09 18:13:35,276 [INFO] LogOutputStream:76 - [STDOUT_REDIRECT] NM parsing issue: line doesn't match pattern:          U sprintf@@GLIBC_2.4
2020-10-09 18:13:35,277 [INFO] LogOutputStream:76 - [STDOUT_REDIRECT] NM parsing issue: line doesn't match pattern:          U sqrt@@GLIBC_2.4
2020-10-09 18:13:35,277 [INFO] LogOutputStream:76 - [STDOUT_REDIRECT] NM parsing issue: line doesn't match pattern:          U sqrtl@@GLIBC_2.4
2020-10-09 18:13:35,277 [INFO] LogOutputStream:76 - [STDOUT_REDIRECT] NM parsing issue: line doesn't match pattern:          U srand@@GLIBC_2.4
2020-10-09 18:13:35,277 [INFO] LogOutputStream:76 - [STDOUT_REDIRECT] NM parsing issue: line doesn't match pattern: 0003d198 B stderr@@GLIBC_2.4
2020-10-09 18:13:35,277 [INFO] LogOutputStream:76 - [STDOUT_REDIRECT] NM parsing issue: line doesn't match pattern:          U strcpy@@GLIBC_2.4
2020-10-09 18:13:35,277 [INFO] LogOutputStream:76 - [STDOUT_REDIRECT] NM parsing issue: line doesn't match pattern:          U strstr@@GLIBC_2.4
2020-10-09 18:13:35,277 [INFO] LogOutputStream:76 - [STDOUT_REDIRECT] NM parsing issue: line doesn't match pattern:          U strtoul@@GLIBC_2.4
2020-10-09 18:13:35,277 [INFO] LogOutputStream:76 - [STDOUT_REDIRECT] NM parsing issue: line doesn't match pattern:          U syscall@@GLIBC_2.4
2020-10-09 18:13:35,278 [INFO] LogOutputStream:76 - [STDOUT_REDIRECT] NM parsing issue: line doesn't match pattern:          U system@@GLIBC_2.4
2020-10-09 18:13:35,278 [INFO] LogOutputStream:76 - [STDOUT_REDIRECT] NM parsing issue: line doesn't match pattern:          U time@@GLIBC_2.4
2020-10-09 18:13:35,278 [INFO] LogOutputStream:76 - [STDOUT_REDIRECT] NM parsing issue: line doesn't match pattern:          U usleep@@GLIBC_2.4
2020-10-09 18:13:38,516 [INFO] LogOutputStream:76 - [STDOUT_REDIRECT] NM parsing issue: line doesn't match pattern:          U abort@@GLIBC_2.4
2020-10-09 18:13:38,516 [INFO] LogOutputStream:76 - [STDOUT_REDIRECT] NM parsing issue: line doesn't match pattern:          U free@@GLIBC_2.4
2020-10-09 18:13:38,516 [INFO] LogOutputStream:76 - [STDOUT_REDIRECT] NM parsing issue: line doesn't match pattern:          U fwrite@@GLIBC_2.4
2020-10-09 18:13:38,516 [INFO] LogOutputStream:76 - [STDOUT_REDIRECT] NM parsing issue: line doesn't match pattern:          U getpid@@GLIBC_2.4
2020-10-09 18:13:38,516 [INFO] LogOutputStream:76 - [STDOUT_REDIRECT] NM parsing issue: line doesn't match pattern:          U ioctl@@GLIBC_2.4
2020-10-09 18:13:38,517 [INFO] LogOutputStream:76 - [STDOUT_REDIRECT] NM parsing issue: line doesn't match pattern:          U __libc_start_main@@GLIBC_2.4
2020-10-09 18:13:38,517 [INFO] LogOutputStream:76 - [STDOUT_REDIRECT] NM parsing issue: line doesn't match pattern:          U malloc@@GLIBC_2.4
2020-10-09 18:13:38,517 [INFO] LogOutputStream:76 - [STDOUT_REDIRECT] NM parsing issue: line doesn't match pattern:          U memcpy@@GLIBC_2.4
2020-10-09 18:13:38,517 [INFO] LogOutputStream:76 - [STDOUT_REDIRECT] NM parsing issue: line doesn't match pattern:          U memmove@@GLIBC_2.4
2020-10-09 18:13:38,518 [INFO] LogOutputStream:76 - [STDOUT_REDIRECT] NM parsing issue: line doesn't match pattern:          U memset@@GLIBC_2.4
2020-10-09 18:13:38,518 [INFO] LogOutputStream:76 - [STDOUT_REDIRECT] NM parsing issue: line doesn't match pattern:          U mmap@@GLIBC_2.4
2020-10-09 18:13:38,518 [INFO] LogOutputStream:76 - [STDOUT_REDIRECT] NM parsing issue: line doesn't match pattern:          U open@@GLIBC_2.4
2020-10-09 18:13:38,518 [INFO] LogOutputStream:76 - [STDOUT_REDIRECT] NM parsing issue: line doesn't match pattern:          U printf@@GLIBC_2.4
2020-10-09 18:13:38,518 [INFO] LogOutputStream:76 - [STDOUT_REDIRECT] NM parsing issue: line doesn't match pattern:          U putchar@@GLIBC_2.4
2020-10-09 18:13:38,518 [INFO] LogOutputStream:76 - [STDOUT_REDIRECT] NM parsing issue: line doesn't match pattern:          U raise@@GLIBC_2.4
2020-10-09 18:13:38,518 [INFO] LogOutputStream:76 - [STDOUT_REDIRECT] NM parsing issue: line doesn't match pattern:          U realloc@@GLIBC_2.4
2020-10-09 18:13:38,519 [INFO] LogOutputStream:76 - [STDOUT_REDIRECT] NM parsing issue: line doesn't match pattern:          U sprintf@@GLIBC_2.4
2020-10-09 18:13:38,519 [INFO] LogOutputStream:76 - [STDOUT_REDIRECT] NM parsing issue: line doesn't match pattern: 0003b990 B stderr@@GLIBC_2.4
2020-10-09 18:13:38,520 [INFO] LogOutputStream:76 - [STDOUT_REDIRECT] NM parsing issue: line doesn't match pattern:          U strcpy@@GLIBC_2.4
2020-10-09 18:13:38,520 [INFO] LogOutputStream:76 - [STDOUT_REDIRECT] NM parsing issue: line doesn't match pattern:          U strstr@@GLIBC_2.4
2020-10-09 18:13:38,520 [INFO] LogOutputStream:76 - [STDOUT_REDIRECT] NM parsing issue: line doesn't match pattern:          U strtoul@@GLIBC_2.4
2020-10-09 18:13:38,520 [INFO] LogOutputStream:76 - [STDOUT_REDIRECT] NM parsing issue: line doesn't match pattern:          U syscall@@GLIBC_2.4
2020-10-09 18:13:38,520 [INFO] LogOutputStream:76 - [STDOUT_REDIRECT] NM parsing issue: line doesn't match pattern:          U system@@GLIBC_2.4
2020-10-09 18:13:38,521 [INFO] LogOutputStream:76 - [STDOUT_REDIRECT] NM parsing issue: line doesn't match pattern:          U usleep@@GLIBC_2.4
2020-10-09 18:16:01,260 [INFO] LogOutputStream:76 - [STDOUT_REDIRECT] NM parsing issue: line doesn't match pattern:          U abort@@GLIBC_2.4
2020-10-09 18:16:01,265 [INFO] LogOutputStream:76 - [STDOUT_REDIRECT] NM parsing issue: line doesn't match pattern:          U __assert_fail@@GLIBC_2.4
2020-10-09 18:16:01,265 [INFO] LogOutputStream:76 - [STDOUT_REDIRECT] NM parsing issue: line doesn't match pattern:          U clock@@GLIBC_2.4
2020-10-09 18:16:01,265 [INFO] LogOutputStream:76 - [STDOUT_REDIRECT] NM parsing issue: line doesn't match pattern:          U free@@GLIBC_2.4
2020-10-09 18:16:01,265 [INFO] LogOutputStream:76 - [STDOUT_REDIRECT] NM parsing issue: line doesn't match pattern:          U fwrite@@GLIBC_2.4
2020-10-09 18:16:01,265 [INFO] LogOutputStream:76 - [STDOUT_REDIRECT] NM parsing issue: line doesn't match pattern:          U getpid@@GLIBC_2.4
2020-10-09 18:16:01,266 [INFO] LogOutputStream:76 - [STDOUT_REDIRECT] NM parsing issue: line doesn't match pattern:          U ioctl@@GLIBC_2.4
2020-10-09 18:16:01,266 [INFO] LogOutputStream:76 - [STDOUT_REDIRECT] NM parsing issue: line doesn't match pattern:          U __libc_start_main@@GLIBC_2.4
2020-10-09 18:16:01,266 [INFO] LogOutputStream:76 - [STDOUT_REDIRECT] NM parsing issue: line doesn't match pattern:          U malloc@@GLIBC_2.4
2020-10-09 18:16:01,267 [INFO] LogOutputStream:76 - [STDOUT_REDIRECT] NM parsing issue: line doesn't match pattern:          U memcpy@@GLIBC_2.4
2020-10-09 18:16:01,267 [INFO] LogOutputStream:76 - [STDOUT_REDIRECT] NM parsing issue: line doesn't match pattern:          U memmove@@GLIBC_2.4
2020-10-09 18:16:01,267 [INFO] LogOutputStream:76 - [STDOUT_REDIRECT] NM parsing issue: line doesn't match pattern:          U memset@@GLIBC_2.4
2020-10-09 18:16:01,267 [INFO] LogOutputStream:76 - [STDOUT_REDIRECT] NM parsing issue: line doesn't match pattern:          U mmap@@GLIBC_2.4
2020-10-09 18:16:01,267 [INFO] LogOutputStream:76 - [STDOUT_REDIRECT] NM parsing issue: line doesn't match pattern:          U open@@GLIBC_2.4
2020-10-09 18:16:01,267 [INFO] LogOutputStream:76 - [STDOUT_REDIRECT] NM parsing issue: line doesn't match pattern:          U printf@@GLIBC_2.4
2020-10-09 18:16:01,267 [INFO] LogOutputStream:76 - [STDOUT_REDIRECT] NM parsing issue: line doesn't match pattern:          U raise@@GLIBC_2.4
2020-10-09 18:16:01,267 [INFO] LogOutputStream:76 - [STDOUT_REDIRECT] NM parsing issue: line doesn't match pattern:          U rand@@GLIBC_2.4
2020-10-09 18:16:01,268 [INFO] LogOutputStream:76 - [STDOUT_REDIRECT] NM parsing issue: line doesn't match pattern:          U read@@GLIBC_2.4
2020-10-09 18:16:01,268 [INFO] LogOutputStream:76 - [STDOUT_REDIRECT] NM parsing issue: line doesn't match pattern:          U realloc@@GLIBC_2.4
2020-10-09 18:16:01,268 [INFO] LogOutputStream:76 - [STDOUT_REDIRECT] NM parsing issue: line doesn't match pattern:          U sprintf@@GLIBC_2.4
2020-10-09 18:16:01,269 [INFO] LogOutputStream:76 - [STDOUT_REDIRECT] NM parsing issue: line doesn't match pattern:          U sqrt@@GLIBC_2.4
2020-10-09 18:16:01,269 [INFO] LogOutputStream:76 - [STDOUT_REDIRECT] NM parsing issue: line doesn't match pattern:          U sqrtl@@GLIBC_2.4
2020-10-09 18:16:01,269 [INFO] LogOutputStream:76 - [STDOUT_REDIRECT] NM parsing issue: line doesn't match pattern:          U srand@@GLIBC_2.4
2020-10-09 18:16:01,270 [INFO] LogOutputStream:76 - [STDOUT_REDIRECT] NM parsing issue: line doesn't match pattern: 0003d198 B stderr@@GLIBC_2.4
2020-10-09 18:16:01,270 [INFO] LogOutputStream:76 - [STDOUT_REDIRECT] NM parsing issue: line doesn't match pattern:          U strcpy@@GLIBC_2.4
2020-10-09 18:16:01,270 [INFO] LogOutputStream:76 - [STDOUT_REDIRECT] NM parsing issue: line doesn't match pattern:          U strstr@@GLIBC_2.4
2020-10-09 18:16:01,270 [INFO] LogOutputStream:76 - [STDOUT_REDIRECT] NM parsing issue: line doesn't match pattern:          U strtoul@@GLIBC_2.4
2020-10-09 18:16:01,271 [INFO] LogOutputStream:76 - [STDOUT_REDIRECT] NM parsing issue: line doesn't match pattern:          U syscall@@GLIBC_2.4
2020-10-09 18:16:01,271 [INFO] LogOutputStream:76 - [STDOUT_REDIRECT] NM parsing issue: line doesn't match pattern:          U system@@GLIBC_2.4
2020-10-09 18:16:01,271 [INFO] LogOutputStream:76 - [STDOUT_REDIRECT] NM parsing issue: line doesn't match pattern:          U time@@GLIBC_2.4
2020-10-09 18:16:01,271 [INFO] LogOutputStream:76 - [STDOUT_REDIRECT] NM parsing issue: line doesn't match pattern:          U usleep@@GLIBC_2.4
2020-10-09 18:47:06,403 [INFO] LogOutputStream:76 - [STDOUT_REDIRECT] NM parsing issue: line doesn't match pattern:          U abort@@GLIBC_2.4
2020-10-09 18:47:06,407 [INFO] LogOutputStream:76 - [STDOUT_REDIRECT] NM parsing issue: line doesn't match pattern:          U __assert_fail@@GLIBC_2.4
2020-10-09 18:47:06,407 [INFO] LogOutputStream:76 - [STDOUT_REDIRECT] NM parsing issue: line doesn't match pattern:          U clock@@GLIBC_2.4
2020-10-09 18:47:06,408 [INFO] LogOutputStream:76 - [STDOUT_REDIRECT] NM parsing issue: line doesn't match pattern:          U free@@GLIBC_2.4
2020-10-09 18:47:06,408 [INFO] LogOutputStream:76 - [STDOUT_REDIRECT] NM parsing issue: line doesn't match pattern:          U fwrite@@GLIBC_2.4
2020-10-09 18:47:06,408 [INFO] LogOutputStream:76 - [STDOUT_REDIRECT] NM parsing issue: line doesn't match pattern:          U getpid@@GLIBC_2.4
2020-10-09 18:47:06,408 [INFO] LogOutputStream:76 - [STDOUT_REDIRECT] NM parsing issue: line doesn't match pattern:          U ioctl@@GLIBC_2.4
2020-10-09 18:47:06,409 [INFO] LogOutputStream:76 - [STDOUT_REDIRECT] NM parsing issue: line doesn't match pattern:          U __libc_start_main@@GLIBC_2.4
2020-10-09 18:47:06,409 [INFO] LogOutputStream:76 - [STDOUT_REDIRECT] NM parsing issue: line doesn't match pattern:          U malloc@@GLIBC_2.4
2020-10-09 18:47:06,409 [INFO] LogOutputStream:76 - [STDOUT_REDIRECT] NM parsing issue: line doesn't match pattern:          U memcpy@@GLIBC_2.4
2020-10-09 18:47:06,409 [INFO] LogOutputStream:76 - [STDOUT_REDIRECT] NM parsing issue: line doesn't match pattern:          U memmove@@GLIBC_2.4
2020-10-09 18:47:06,409 [INFO] LogOutputStream:76 - [STDOUT_REDIRECT] NM parsing issue: line doesn't match pattern:          U memset@@GLIBC_2.4
2020-10-09 18:47:06,409 [INFO] LogOutputStream:76 - [STDOUT_REDIRECT] NM parsing issue: line doesn't match pattern:          U mmap@@GLIBC_2.4
2020-10-09 18:47:06,409 [INFO] LogOutputStream:76 - [STDOUT_REDIRECT] NM parsing issue: line doesn't match pattern:          U open@@GLIBC_2.4
2020-10-09 18:47:06,409 [INFO] LogOutputStream:76 - [STDOUT_REDIRECT] NM parsing issue: line doesn't match pattern:          U printf@@GLIBC_2.4
2020-10-09 18:47:06,409 [INFO] LogOutputStream:76 - [STDOUT_REDIRECT] NM parsing issue: line doesn't match pattern:          U raise@@GLIBC_2.4
2020-10-09 18:47:06,410 [INFO] LogOutputStream:76 - [STDOUT_REDIRECT] NM parsing issue: line doesn't match pattern:          U rand@@GLIBC_2.4
2020-10-09 18:47:06,410 [INFO] LogOutputStream:76 - [STDOUT_REDIRECT] NM parsing issue: line doesn't match pattern:          U read@@GLIBC_2.4
2020-10-09 18:47:06,410 [INFO] LogOutputStream:76 - [STDOUT_REDIRECT] NM parsing issue: line doesn't match pattern:          U realloc@@GLIBC_2.4
2020-10-09 18:47:06,410 [INFO] LogOutputStream:76 - [STDOUT_REDIRECT] NM parsing issue: line doesn't match pattern:          U sprintf@@GLIBC_2.4
2020-10-09 18:47:06,411 [INFO] LogOutputStream:76 - [STDOUT_REDIRECT] NM parsing issue: line doesn't match pattern:          U sqrt@@GLIBC_2.4
2020-10-09 18:47:06,411 [INFO] LogOutputStream:76 - [STDOUT_REDIRECT] NM parsing issue: line doesn't match pattern:          U sqrtl@@GLIBC_2.4
2020-10-09 18:47:06,411 [INFO] LogOutputStream:76 - [STDOUT_REDIRECT] NM parsing issue: line doesn't match pattern:          U srand@@GLIBC_2.4
2020-10-09 18:47:06,411 [INFO] LogOutputStream:76 - [STDOUT_REDIRECT] NM parsing issue: line doesn't match pattern: 0003d198 B stderr@@GLIBC_2.4
2020-10-09 18:47:06,411 [INFO] LogOutputStream:76 - [STDOUT_REDIRECT] NM parsing issue: line doesn't match pattern:          U strcpy@@GLIBC_2.4
2020-10-09 18:47:06,411 [INFO] LogOutputStream:76 - [STDOUT_REDIRECT] NM parsing issue: line doesn't match pattern:          U strstr@@GLIBC_2.4
2020-10-09 18:47:06,412 [INFO] LogOutputStream:76 - [STDOUT_REDIRECT] NM parsing issue: line doesn't match pattern:          U strtoul@@GLIBC_2.4
2020-10-09 18:47:06,412 [INFO] LogOutputStream:76 - [STDOUT_REDIRECT] NM parsing issue: line doesn't match pattern:          U syscall@@GLIBC_2.4
2020-10-09 18:47:06,412 [INFO] LogOutputStream:76 - [STDOUT_REDIRECT] NM parsing issue: line doesn't match pattern:          U system@@GLIBC_2.4
2020-10-09 18:47:06,412 [INFO] LogOutputStream:76 - [STDOUT_REDIRECT] NM parsing issue: line doesn't match pattern:          U time@@GLIBC_2.4
2020-10-09 18:47:06,413 [INFO] LogOutputStream:76 - [STDOUT_REDIRECT] NM parsing issue: line doesn't match pattern:          U usleep@@GLIBC_2.4
